<?xml version="1.0" encoding="UTF-8"?>
<!-- Generated by org.testng.reporters.JUnitReportReporter -->
<testsuite skipped="0" hostname="192-168-1-100.tpgi.com.au" name="Jupiter.E2EProject.validateLoginPage" tests="1" failures="0" timestamp="2022-07-13T19:11:54 AEST" time="5.442" errors="0">
  <testcase name="verifyLoginPage" time="5.442" classname="Jupiter.E2EProject.validateLoginPage"/>
  <system-out/>
</testsuite> <!-- Jupiter.E2EProject.validateLoginPage -->
