<?xml version="1.0" encoding="UTF-8"?>
<!-- Generated by org.testng.reporters.JUnitReportReporter -->
<testsuite skipped="0" hostname="192-168-1-100.tpgi.com.au" name="Jupiter.E2EProject.validateShoppingPage" tests="3" failures="0" timestamp="2022-07-13T19:11:54 AEST" time="17.036" errors="0">
  <testcase name="verifyAddCart" time="5.712" classname="Jupiter.E2EProject.validateShoppingPage"/>
  <system-out/>
  <testcase name="verifyShoppingItems" time="5.761" classname="Jupiter.E2EProject.validateShoppingPage"/>
  <system-out/>
  <testcase name="verifyDeleteCart" time="5.563" classname="Jupiter.E2EProject.validateShoppingPage"/>
  <system-out/>
</testsuite> <!-- Jupiter.E2EProject.validateShoppingPage -->
