<?xml version="1.0" encoding="UTF-8"?>
<!-- Generated by org.testng.reporters.JUnitReportReporter -->
<testsuite skipped="0" hostname="192-168-1-100.tpgi.com.au" name="Jupiter.E2EProject.verifyContactPage" tests="2" failures="0" timestamp="2022-07-13T19:11:54 AEST" time="16.260" errors="0">
  <testcase name="validateContact" time="5.235" classname="Jupiter.E2EProject.verifyContactPage"/>
  <system-out/>
  <testcase name="fillContacts" time="11.025" classname="Jupiter.E2EProject.verifyContactPage"/>
  <system-out/>
</testsuite> <!-- Jupiter.E2EProject.verifyContactPage -->
