<?xml version="1.0" encoding="UTF-8"?>
<!-- Generated by org.testng.reporters.JUnitReportReporter -->
<testsuite skipped="0" hostname="192-168-1-100.tpgi.com.au" name="Jupiter.E2EProject.HomePage" tests="1" failures="0" timestamp="2022-07-09T19:50:51 AEST" time="0.111" errors="0">
  <testcase name="basePageNavigation" time="0.111" classname="Jupiter.E2EProject.HomePage"/>
  <system-out/>
</testsuite> <!-- Jupiter.E2EProject.HomePage -->
