<?xml version="1.0" encoding="UTF-8"?>
<!-- Generated by org.testng.reporters.JUnitReportReporter -->
<testsuite skipped="0" hostname="192-168-1-100.tpgi.com.au" name="Jupiter.E2EProject.verifyEndToEnd" tests="1" failures="0" timestamp="2022-07-13T19:11:54 AEST" time="8.148" errors="0">
  <testcase name="E2Etesting" time="8.148" classname="Jupiter.E2EProject.verifyEndToEnd"/>
  <system-out/>
</testsuite> <!-- Jupiter.E2EProject.verifyEndToEnd -->
